<?xml version="1.0" encoding="UTF-8"?>
<!-- Generated by org.testng.reporters.JUnitXMLReporter -->
<testsuite ignored="0" hostname="sairamnaik" failures="3" tests="10" name="Login Tests" time="18.635" errors="0" timestamp="2025-06-14T08:32:02 IST">
  <testcase classname="test.Singup_Test" name="EnterPassword" time="0.154"/>
  <testcase classname="test.Singup_Test" name="SelectDateofbirth" time="0.046">
    <failure type="java.lang.UnsupportedOperationException" message="You may only deselect options of a multi-select">
      <![CDATA[java.lang.UnsupportedOperationException: You may only deselect options of a multi-select
at org.openqa.selenium.support.ui.Select.deselectByValue(Select.java:315)
at pages.SignUp.SelectDateofBirthd(SignUp.java:36)
at test.Singup_Test.SelectDateofbirth(Singup_Test.java:36)
at java.base/java.util.ArrayList.forEach(ArrayList.java:1597)
... Removed 25 stack frames]]>
    </failure>
  </testcase> <!-- SelectDateofbirth -->
  <testcase classname="test.Singup_Test" name="SelectDateofbirthmon" time="0.039">
    <failure type="java.lang.UnsupportedOperationException" message="You may only deselect options of a multi-select">
      <![CDATA[java.lang.UnsupportedOperationException: You may only deselect options of a multi-select
at org.openqa.selenium.support.ui.Select.deselectByValue(Select.java:315)
at pages.SignUp.SelectDateofBirthd(SignUp.java:36)
at test.Singup_Test.SelectDateofbirthmon(Singup_Test.java:42)
at java.base/java.util.ArrayList.forEach(ArrayList.java:1597)
... Removed 25 stack frames]]>
    </failure>
  </testcase> <!-- SelectDateofbirthmon -->
  <testcase classname="test.Singup_Test" name="SelectDateofbirthyr" time="0.034">
    <failure type="java.lang.UnsupportedOperationException" message="You may only deselect options of a multi-select">
      <![CDATA[java.lang.UnsupportedOperationException: You may only deselect options of a multi-select
at org.openqa.selenium.support.ui.Select.deselectByValue(Select.java:315)
at pages.SignUp.SelectDateofBirthd(SignUp.java:36)
at test.Singup_Test.SelectDateofbirthyr(Singup_Test.java:48)
at java.base/java.util.ArrayList.forEach(ArrayList.java:1597)
... Removed 25 stack frames]]>
    </failure>
  </testcase> <!-- SelectDateofbirthyr -->
  <testcase classname="test.Singup_Test" name="clickGender" time="0.099"/>
  <testcase classname="test.Singup_Test" name="clickSignUpButton" time="0.033"/>
  <testcase classname="test.Singup_Test" name="enterMobileNuorEmailid" time="0.114"/>
  <testcase classname="test.Singup_Test" name="enterfirstname" time="0.099"/>
  <testcase classname="test.Singup_Test" name="entersurname" time="0.081"/>
  <testcase classname="test.Singup_Test" name="runSignupTest" time="1.634"/>
</testsuite> <!-- Login Tests -->
