<?xml version="1.0" encoding="UTF-8"?>
<testng-results ignored="0" total="10" passed="7" failed="3" skipped="0">
  <reporter-output>
  </reporter-output>
  <suite started-at="2025-06-14T08:31:43 IST" name="POM Suite" finished-at="2025-06-14T08:32:02 IST" duration-ms="18635">
    <groups>
    </groups>
    <test started-at="2025-06-14T08:31:43 IST" name="Login Tests" finished-at="2025-06-14T08:32:02 IST" duration-ms="18635">
      <class name="test.Singup_Test">
        <test-method is-config="true" signature="setup()[pri:0, instance:test.Singup_Test@1fa121e2]" started-at="2025-06-14T08:31:43 IST" name="setup" finished-at="2025-06-14T08:31:49 IST" duration-ms="5242" status="PASS">
          <reporter-output>
          </reporter-output>
        </test-method> <!-- setup -->
        <test-method signature="EnterPassword()[pri:0, instance:test.Singup_Test@1fa121e2]" started-at="2025-06-14T08:31:49 IST" name="EnterPassword" finished-at="2025-06-14T08:31:49 IST" duration-ms="154" status="PASS">
          <reporter-output>
          </reporter-output>
        </test-method> <!-- EnterPassword -->
        <test-method is-config="true" signature="teardown()[pri:0, instance:test.Singup_Test@1fa121e2]" started-at="2025-06-14T08:31:49 IST" name="teardown" finished-at="2025-06-14T08:31:49 IST" duration-ms="1" status="PASS">
          <reporter-output>
          </reporter-output>
        </test-method> <!-- teardown -->
        <test-method is-config="true" signature="setup()[pri:0, instance:test.Singup_Test@1fa121e2]" started-at="2025-06-14T08:31:49 IST" name="setup" finished-at="2025-06-14T08:31:50 IST" duration-ms="1491" status="PASS">
          <reporter-output>
          </reporter-output>
        </test-method> <!-- setup -->
        <test-method signature="SelectDateofbirth()[pri:0, instance:test.Singup_Test@1fa121e2]" started-at="2025-06-14T08:31:50 IST" name="SelectDateofbirth" finished-at="2025-06-14T08:31:50 IST" duration-ms="46" status="FAIL">
          <exception class="java.lang.UnsupportedOperationException">
            <message>
              <![CDATA[You may only deselect options of a multi-select]]>
            </message>
            <full-stacktrace>
              <![CDATA[java.lang.UnsupportedOperationException: You may only deselect options of a multi-select
at org.openqa.selenium.support.ui.Select.deselectByValue(Select.java:315)
at pages.SignUp.SelectDateofBirthd(SignUp.java:36)
at test.Singup_Test.SelectDateofbirth(Singup_Test.java:36)
at java.base/jdk.internal.reflect.DirectMethodHandleAccessor.invoke(DirectMethodHandleAccessor.java:103)
at java.base/java.lang.reflect.Method.invoke(Method.java:580)
at org.testng.internal.invokers.MethodInvocationHelper.invokeMethod(MethodInvocationHelper.java:141)
at org.testng.internal.invokers.TestInvoker.invokeMethod(TestInvoker.java:687)
at org.testng.internal.invokers.TestInvoker.invokeTestMethod(TestInvoker.java:230)
at org.testng.internal.invokers.MethodRunner.runInSequence(MethodRunner.java:63)
at org.testng.internal.invokers.TestInvoker$MethodInvocationAgent.invoke(TestInvoker.java:995)
at org.testng.internal.invokers.TestInvoker.invokeTestMethods(TestInvoker.java:203)
at org.testng.internal.invokers.TestMethodWorker.invokeTestMethods(TestMethodWorker.java:154)
at org.testng.internal.invokers.TestMethodWorker.run(TestMethodWorker.java:134)
at java.base/java.util.ArrayList.forEach(ArrayList.java:1597)
at org.testng.TestRunner.privateRun(TestRunner.java:741)
at org.testng.TestRunner.run(TestRunner.java:616)
at org.testng.SuiteRunner.runTest(SuiteRunner.java:421)
at org.testng.SuiteRunner.runSequentially(SuiteRunner.java:413)
at org.testng.SuiteRunner.privateRun(SuiteRunner.java:373)
at org.testng.SuiteRunner.run(SuiteRunner.java:312)
at org.testng.SuiteRunnerWorker.runSuite(SuiteRunnerWorker.java:52)
at org.testng.SuiteRunnerWorker.run(SuiteRunnerWorker.java:95)
at org.testng.TestNG.runSuitesSequentially(TestNG.java:1274)
at org.testng.TestNG.runSuitesLocally(TestNG.java:1208)
at org.testng.TestNG.runSuites(TestNG.java:1112)
at org.testng.TestNG.run(TestNG.java:1079)
at org.testng.remote.AbstractRemoteTestNG.run(AbstractRemoteTestNG.java:115)
at org.testng.remote.RemoteTestNG.initAndRun(RemoteTestNG.java:293)
at org.testng.remote.RemoteTestNG.main(RemoteTestNG.java:91)
]]>
            </full-stacktrace>
          </exception> <!-- java.lang.UnsupportedOperationException -->
          <reporter-output>
          </reporter-output>
        </test-method> <!-- SelectDateofbirth -->
        <test-method is-config="true" signature="teardown()[pri:0, instance:test.Singup_Test@1fa121e2]" started-at="2025-06-14T08:31:50 IST" name="teardown" finished-at="2025-06-14T08:31:50 IST" duration-ms="0" status="PASS">
          <reporter-output>
          </reporter-output>
        </test-method> <!-- teardown -->
        <test-method is-config="true" signature="setup()[pri:0, instance:test.Singup_Test@1fa121e2]" started-at="2025-06-14T08:31:50 IST" name="setup" finished-at="2025-06-14T08:31:51 IST" duration-ms="1127" status="PASS">
          <reporter-output>
          </reporter-output>
        </test-method> <!-- setup -->
        <test-method signature="SelectDateofbirthmon()[pri:0, instance:test.Singup_Test@1fa121e2]" started-at="2025-06-14T08:31:51 IST" name="SelectDateofbirthmon" finished-at="2025-06-14T08:31:52 IST" duration-ms="39" status="FAIL">
          <exception class="java.lang.UnsupportedOperationException">
            <message>
              <![CDATA[You may only deselect options of a multi-select]]>
            </message>
            <full-stacktrace>
              <![CDATA[java.lang.UnsupportedOperationException: You may only deselect options of a multi-select
at org.openqa.selenium.support.ui.Select.deselectByValue(Select.java:315)
at pages.SignUp.SelectDateofBirthd(SignUp.java:36)
at test.Singup_Test.SelectDateofbirthmon(Singup_Test.java:42)
at java.base/jdk.internal.reflect.DirectMethodHandleAccessor.invoke(DirectMethodHandleAccessor.java:103)
at java.base/java.lang.reflect.Method.invoke(Method.java:580)
at org.testng.internal.invokers.MethodInvocationHelper.invokeMethod(MethodInvocationHelper.java:141)
at org.testng.internal.invokers.TestInvoker.invokeMethod(TestInvoker.java:687)
at org.testng.internal.invokers.TestInvoker.invokeTestMethod(TestInvoker.java:230)
at org.testng.internal.invokers.MethodRunner.runInSequence(MethodRunner.java:63)
at org.testng.internal.invokers.TestInvoker$MethodInvocationAgent.invoke(TestInvoker.java:995)
at org.testng.internal.invokers.TestInvoker.invokeTestMethods(TestInvoker.java:203)
at org.testng.internal.invokers.TestMethodWorker.invokeTestMethods(TestMethodWorker.java:154)
at org.testng.internal.invokers.TestMethodWorker.run(TestMethodWorker.java:134)
at java.base/java.util.ArrayList.forEach(ArrayList.java:1597)
at org.testng.TestRunner.privateRun(TestRunner.java:741)
at org.testng.TestRunner.run(TestRunner.java:616)
at org.testng.SuiteRunner.runTest(SuiteRunner.java:421)
at org.testng.SuiteRunner.runSequentially(SuiteRunner.java:413)
at org.testng.SuiteRunner.privateRun(SuiteRunner.java:373)
at org.testng.SuiteRunner.run(SuiteRunner.java:312)
at org.testng.SuiteRunnerWorker.runSuite(SuiteRunnerWorker.java:52)
at org.testng.SuiteRunnerWorker.run(SuiteRunnerWorker.java:95)
at org.testng.TestNG.runSuitesSequentially(TestNG.java:1274)
at org.testng.TestNG.runSuitesLocally(TestNG.java:1208)
at org.testng.TestNG.runSuites(TestNG.java:1112)
at org.testng.TestNG.run(TestNG.java:1079)
at org.testng.remote.AbstractRemoteTestNG.run(AbstractRemoteTestNG.java:115)
at org.testng.remote.RemoteTestNG.initAndRun(RemoteTestNG.java:293)
at org.testng.remote.RemoteTestNG.main(RemoteTestNG.java:91)
]]>
            </full-stacktrace>
          </exception> <!-- java.lang.UnsupportedOperationException -->
          <reporter-output>
          </reporter-output>
        </test-method> <!-- SelectDateofbirthmon -->
        <test-method is-config="true" signature="teardown()[pri:0, instance:test.Singup_Test@1fa121e2]" started-at="2025-06-14T08:31:52 IST" name="teardown" finished-at="2025-06-14T08:31:52 IST" duration-ms="1" status="PASS">
          <reporter-output>
          </reporter-output>
        </test-method> <!-- teardown -->
        <test-method is-config="true" signature="setup()[pri:0, instance:test.Singup_Test@1fa121e2]" started-at="2025-06-14T08:31:52 IST" name="setup" finished-at="2025-06-14T08:31:53 IST" duration-ms="1199" status="PASS">
          <reporter-output>
          </reporter-output>
        </test-method> <!-- setup -->
        <test-method signature="SelectDateofbirthyr()[pri:0, instance:test.Singup_Test@1fa121e2]" started-at="2025-06-14T08:31:53 IST" name="SelectDateofbirthyr" finished-at="2025-06-14T08:31:53 IST" duration-ms="34" status="FAIL">
          <exception class="java.lang.UnsupportedOperationException">
            <message>
              <![CDATA[You may only deselect options of a multi-select]]>
            </message>
            <full-stacktrace>
              <![CDATA[java.lang.UnsupportedOperationException: You may only deselect options of a multi-select
at org.openqa.selenium.support.ui.Select.deselectByValue(Select.java:315)
at pages.SignUp.SelectDateofBirthd(SignUp.java:36)
at test.Singup_Test.SelectDateofbirthyr(Singup_Test.java:48)
at java.base/jdk.internal.reflect.DirectMethodHandleAccessor.invoke(DirectMethodHandleAccessor.java:103)
at java.base/java.lang.reflect.Method.invoke(Method.java:580)
at org.testng.internal.invokers.MethodInvocationHelper.invokeMethod(MethodInvocationHelper.java:141)
at org.testng.internal.invokers.TestInvoker.invokeMethod(TestInvoker.java:687)
at org.testng.internal.invokers.TestInvoker.invokeTestMethod(TestInvoker.java:230)
at org.testng.internal.invokers.MethodRunner.runInSequence(MethodRunner.java:63)
at org.testng.internal.invokers.TestInvoker$MethodInvocationAgent.invoke(TestInvoker.java:995)
at org.testng.internal.invokers.TestInvoker.invokeTestMethods(TestInvoker.java:203)
at org.testng.internal.invokers.TestMethodWorker.invokeTestMethods(TestMethodWorker.java:154)
at org.testng.internal.invokers.TestMethodWorker.run(TestMethodWorker.java:134)
at java.base/java.util.ArrayList.forEach(ArrayList.java:1597)
at org.testng.TestRunner.privateRun(TestRunner.java:741)
at org.testng.TestRunner.run(TestRunner.java:616)
at org.testng.SuiteRunner.runTest(SuiteRunner.java:421)
at org.testng.SuiteRunner.runSequentially(SuiteRunner.java:413)
at org.testng.SuiteRunner.privateRun(SuiteRunner.java:373)
at org.testng.SuiteRunner.run(SuiteRunner.java:312)
at org.testng.SuiteRunnerWorker.runSuite(SuiteRunnerWorker.java:52)
at org.testng.SuiteRunnerWorker.run(SuiteRunnerWorker.java:95)
at org.testng.TestNG.runSuitesSequentially(TestNG.java:1274)
at org.testng.TestNG.runSuitesLocally(TestNG.java:1208)
at org.testng.TestNG.runSuites(TestNG.java:1112)
at org.testng.TestNG.run(TestNG.java:1079)
at org.testng.remote.AbstractRemoteTestNG.run(AbstractRemoteTestNG.java:115)
at org.testng.remote.RemoteTestNG.initAndRun(RemoteTestNG.java:293)
at org.testng.remote.RemoteTestNG.main(RemoteTestNG.java:91)
]]>
            </full-stacktrace>
          </exception> <!-- java.lang.UnsupportedOperationException -->
          <reporter-output>
          </reporter-output>
        </test-method> <!-- SelectDateofbirthyr -->
        <test-method is-config="true" signature="teardown()[pri:0, instance:test.Singup_Test@1fa121e2]" started-at="2025-06-14T08:31:53 IST" name="teardown" finished-at="2025-06-14T08:31:53 IST" duration-ms="1" status="PASS">
          <reporter-output>
          </reporter-output>
        </test-method> <!-- teardown -->
        <test-method is-config="true" signature="setup()[pri:0, instance:test.Singup_Test@1fa121e2]" started-at="2025-06-14T08:31:53 IST" name="setup" finished-at="2025-06-14T08:31:54 IST" duration-ms="1164" status="PASS">
          <reporter-output>
          </reporter-output>
        </test-method> <!-- setup -->
        <test-method signature="clickGender()[pri:0, instance:test.Singup_Test@1fa121e2]" started-at="2025-06-14T08:31:54 IST" name="clickGender" finished-at="2025-06-14T08:31:54 IST" duration-ms="99" status="PASS">
          <reporter-output>
          </reporter-output>
        </test-method> <!-- clickGender -->
        <test-method is-config="true" signature="teardown()[pri:0, instance:test.Singup_Test@1fa121e2]" started-at="2025-06-14T08:31:54 IST" name="teardown" finished-at="2025-06-14T08:31:54 IST" duration-ms="0" status="PASS">
          <reporter-output>
          </reporter-output>
        </test-method> <!-- teardown -->
        <test-method is-config="true" signature="setup()[pri:0, instance:test.Singup_Test@1fa121e2]" started-at="2025-06-14T08:31:54 IST" name="setup" finished-at="2025-06-14T08:31:55 IST" duration-ms="1009" status="PASS">
          <reporter-output>
          </reporter-output>
        </test-method> <!-- setup -->
        <test-method signature="clickSignUpButton()[pri:0, instance:test.Singup_Test@1fa121e2]" started-at="2025-06-14T08:31:55 IST" name="clickSignUpButton" finished-at="2025-06-14T08:31:55 IST" duration-ms="33" status="PASS">
          <reporter-output>
          </reporter-output>
        </test-method> <!-- clickSignUpButton -->
        <test-method is-config="true" signature="teardown()[pri:0, instance:test.Singup_Test@1fa121e2]" started-at="2025-06-14T08:31:55 IST" name="teardown" finished-at="2025-06-14T08:31:55 IST" duration-ms="1" status="PASS">
          <reporter-output>
          </reporter-output>
        </test-method> <!-- teardown -->
        <test-method is-config="true" signature="setup()[pri:0, instance:test.Singup_Test@1fa121e2]" started-at="2025-06-14T08:31:55 IST" name="setup" finished-at="2025-06-14T08:31:56 IST" duration-ms="1045" status="PASS">
          <reporter-output>
          </reporter-output>
        </test-method> <!-- setup -->
        <test-method signature="enterMobileNuorEmailid()[pri:0, instance:test.Singup_Test@1fa121e2]" started-at="2025-06-14T08:31:56 IST" name="enterMobileNuorEmailid" finished-at="2025-06-14T08:31:56 IST" duration-ms="114" status="PASS">
          <reporter-output>
          </reporter-output>
        </test-method> <!-- enterMobileNuorEmailid -->
        <test-method is-config="true" signature="teardown()[pri:0, instance:test.Singup_Test@1fa121e2]" started-at="2025-06-14T08:31:56 IST" name="teardown" finished-at="2025-06-14T08:31:56 IST" duration-ms="1" status="PASS">
          <reporter-output>
          </reporter-output>
        </test-method> <!-- teardown -->
        <test-method is-config="true" signature="setup()[pri:0, instance:test.Singup_Test@1fa121e2]" started-at="2025-06-14T08:31:56 IST" name="setup" finished-at="2025-06-14T08:31:57 IST" duration-ms="1171" status="PASS">
          <reporter-output>
          </reporter-output>
        </test-method> <!-- setup -->
        <test-method signature="enterfirstname()[pri:0, instance:test.Singup_Test@1fa121e2]" started-at="2025-06-14T08:31:57 IST" name="enterfirstname" finished-at="2025-06-14T08:31:58 IST" duration-ms="99" status="PASS">
          <reporter-output>
          </reporter-output>
        </test-method> <!-- enterfirstname -->
        <test-method is-config="true" signature="teardown()[pri:0, instance:test.Singup_Test@1fa121e2]" started-at="2025-06-14T08:31:58 IST" name="teardown" finished-at="2025-06-14T08:31:58 IST" duration-ms="0" status="PASS">
          <reporter-output>
          </reporter-output>
        </test-method> <!-- teardown -->
        <test-method is-config="true" signature="setup()[pri:0, instance:test.Singup_Test@1fa121e2]" started-at="2025-06-14T08:31:58 IST" name="setup" finished-at="2025-06-14T08:31:59 IST" duration-ms="1612" status="PASS">
          <reporter-output>
          </reporter-output>
        </test-method> <!-- setup -->
        <test-method signature="entersurname()[pri:0, instance:test.Singup_Test@1fa121e2]" started-at="2025-06-14T08:31:59 IST" name="entersurname" finished-at="2025-06-14T08:31:59 IST" duration-ms="81" status="PASS">
          <reporter-output>
          </reporter-output>
        </test-method> <!-- entersurname -->
        <test-method is-config="true" signature="teardown()[pri:0, instance:test.Singup_Test@1fa121e2]" started-at="2025-06-14T08:31:59 IST" name="teardown" finished-at="2025-06-14T08:31:59 IST" duration-ms="1" status="PASS">
          <reporter-output>
          </reporter-output>
        </test-method> <!-- teardown -->
        <test-method is-config="true" signature="setup()[pri:0, instance:test.Singup_Test@1fa121e2]" started-at="2025-06-14T08:31:59 IST" name="setup" finished-at="2025-06-14T08:32:00 IST" duration-ms="1106" status="PASS">
          <reporter-output>
          </reporter-output>
        </test-method> <!-- setup -->
        <test-method signature="runSignupTest()[pri:0, instance:test.Singup_Test@1fa121e2]" started-at="2025-06-14T08:32:00 IST" name="runSignupTest" finished-at="2025-06-14T08:32:02 IST" duration-ms="1634" status="PASS">
          <reporter-output>
          </reporter-output>
        </test-method> <!-- runSignupTest -->
        <test-method is-config="true" signature="teardown()[pri:0, instance:test.Singup_Test@1fa121e2]" started-at="2025-06-14T08:32:02 IST" name="teardown" finished-at="2025-06-14T08:32:02 IST" duration-ms="0" status="PASS">
          <reporter-output>
          </reporter-output>
        </test-method> <!-- teardown -->
      </class> <!-- test.Singup_Test -->
    </test> <!-- Login Tests -->
  </suite> <!-- POM Suite -->
</testng-results>
